<?xml version="1.0" encoding="UTF-8"?>
<testsuite xmlns:xsi="http://www.w3.org/2001/XMLSchema-instance" xsi:noNamespaceSchemaLocation="https://maven.apache.org/surefire/maven-surefire-plugin/xsd/surefire-test-report-3.0.xsd" version="3.0" name="com.excelr.bookmyflights.BookMyFlightApplicationTests" time="9.925" tests="1" errors="0" skipped="0" failures="0">
  <properties>
[...]
</properties>
  <testcase name="contextLoads" classname="com.excelr.bookmyflights.BookMyFlightApplicationTests" time="2.21">
    <system-out><![CDATA[17:36:15.348 [main] INFO org.springframework.test.context.support.AnnotationConfigContextLoaderUtils -- Could not detect default configuration classes for test class [com.excelr.bookmyflights.BookMyFlightApplicationTests]: BookMyFlightApplicationTests does not declare any static, non-private, non-final, nested classes annotated with @Configuration.
17:36:15.564 [main] INFO org.springframework.boot.test.context.SpringBootTestContextBootstrapper -- Found @SpringBootConfiguration com.excelr.bookmyflights.BookMyFlightApplication for test class com.excelr.bookmyflights.BookMyFlightApplicationTests
17:36:15.833 [main] INFO org.springframework.boot.devtools.restart.RestartApplicationListener -- Restart disabled due to context in which it is running

  .   ____          _            __ _ _
 /\\ / ___'_ __ _ _(_)_ __  __ _ \ \ \ \
( ( )\___ | '_ | '_| | '_ \/ _` | \ \ \ \
 \\/  ___)| |_)| | | | | || (_| |  ) ) ) )
  '  |____| .__|_| |_|_| |_\__, | / / / /
 =========|_|==============|___/=/_/_/_/
 :: Spring Boot ::                (v3.2.1)

2024-02-20T17:36:16.451+03:00  INFO 6336 --- [           main] c.e.b.BookMyFlightApplicationTests       : Starting BookMyFlightApplicationTests using Java 17.0.7 with PID 6336 (started by aadip in c:\Users\aadip\OneDrive - University of Waterloo\Projects\bookmyflights-excelr\bookmyflights)
2024-02-20T17:36:16.457+03:00  INFO 6336 --- [           main] c.e.b.BookMyFlightApplicationTests       : No active profile set, falling back to 1 default profile: "default"
2024-02-20T17:36:17.848+03:00  INFO 6336 --- [           main] .s.d.r.c.RepositoryConfigurationDelegate : Bootstrapping Spring Data MongoDB repositories in DEFAULT mode.
2024-02-20T17:36:18.038+03:00  INFO 6336 --- [           main] .s.d.r.c.RepositoryConfigurationDelegate : Finished Spring Data repository scanning in 174 ms. Found 3 MongoDB repository interfaces.
2024-02-20T17:36:19.667+03:00  INFO 6336 --- [vxv.mongodb.net] org.mongodb.driver.cluster               : Adding discovered server flightbookingcluster-shard-00-00.i5vxv.mongodb.net:27017 to client view of cluster
2024-02-20T17:36:19.731+03:00  INFO 6336 --- [           main] org.mongodb.driver.client                : MongoClient with metadata {"driver": {"name": "mongo-java-driver|sync|spring-boot", "version": "4.11.1"}, "os": {"type": "Windows", "name": "Windows 11", "architecture": "amd64", "version": "10.0"}, "platform": "Java/Eclipse Adoptium/17.0.7+7"} created with settings MongoClientSettings{readPreference=primary, writeConcern=WriteConcern{w=null, wTimeout=null ms, journal=null}, retryWrites=true, retryReads=true, readConcern=ReadConcern{level=null}, credential=MongoCredential{mechanism=null, userName='aadipum', source='admin', password=<hidden>, mechanismProperties=<hidden>}, transportSettings=null, streamFactoryFactory=null, commandListeners=[], codecRegistry=ProvidersCodecRegistry{codecProviders=[ValueCodecProvider{}, BsonValueCodecProvider{}, DBRefCodecProvider{}, DBObjectCodecProvider{}, DocumentCodecProvider{}, CollectionCodecProvider{}, IterableCodecProvider{}, MapCodecProvider{}, GeoJsonCodecProvider{}, GridFSFileCodecProvider{}, Jsr310CodecProvider{}, JsonObjectCodecProvider{}, BsonCodecProvider{}, EnumCodecProvider{}, com.mongodb.client.model.mql.ExpressionCodecProvider@5482bcac, com.mongodb.Jep395RecordCodecProvider@10244722, com.mongodb.KotlinCodecProvider@61615b4a]}, loggerSettings=LoggerSettings{maxDocumentLength=1000}, clusterSettings={hosts=[127.0.0.1:27017], srvHost=flightbookingcluster.i5vxv.mongodb.net, srvServiceName=mongodb, mode=MULTIPLE, requiredClusterType=REPLICA_SET, requiredReplicaSetName='atlas-kcn08p-shard-0', serverSelector='null', clusterListeners='[]', serverSelectionTimeout='30000 ms', localThreshold='15 ms'}, socketSettings=SocketSettings{connectTimeoutMS=10000, readTimeoutMS=0, receiveBufferSize=0, proxySettings=ProxySettings{host=null, port=null, username=null, password=null}}, heartbeatSocketSettings=SocketSettings{connectTimeoutMS=10000, readTimeoutMS=10000, receiveBufferSize=0, proxySettings=ProxySettings{host=null, port=null, username=null, password=null}}, connectionPoolSettings=ConnectionPoolSettings{maxSize=100, minSize=0, maxWaitTimeMS=120000, maxConnectionLifeTimeMS=0, maxConnectionIdleTimeMS=0, maintenanceInitialDelayMS=0, maintenanceFrequencyMS=60000, connectionPoolListeners=[], maxConnecting=2}, serverSettings=ServerSettings{heartbeatFrequencyMS=10000, minHeartbeatFrequencyMS=500, serverListeners='[]', serverMonitorListeners='[]'}, sslSettings=SslSettings{enabled=true, invalidHostNameAllowed=false, context=null}, applicationName='null', compressorList=[], uuidRepresentation=JAVA_LEGACY, serverApi=null, autoEncryptionSettings=null, dnsClient=null, inetAddressResolver=null, contextProvider=null}
2024-02-20T17:36:19.827+03:00  INFO 6336 --- [vxv.mongodb.net] org.mongodb.driver.cluster               : Adding discovered server flightbookingcluster-shard-00-01.i5vxv.mongodb.net:27017 to client view of cluster
2024-02-20T17:36:19.843+03:00  INFO 6336 --- [vxv.mongodb.net] org.mongodb.driver.cluster               : Adding discovered server flightbookingcluster-shard-00-02.i5vxv.mongodb.net:27017 to client view of cluster
2024-02-20T17:36:21.258+03:00  INFO 6336 --- [ngodb.net:27017] org.mongodb.driver.cluster               : Monitor thread successfully connected to server with description ServerDescription{address=flightbookingcluster-shard-00-02.i5vxv.mongodb.net:27017, type=REPLICA_SET_PRIMARY, state=CONNECTED, ok=true, minWireVersion=0, maxWireVersion=17, maxDocumentSize=16777216, logicalSessionTimeoutMinutes=30, roundTripTimeNanos=596775800, setName='atlas-kcn08p-shard-0', canonicalAddress=flightbookingcluster-shard-00-02.i5vxv.mongodb.net:27017, hosts=[flightbookingcluster-shard-00-02.i5vxv.mongodb.net:27017, flightbookingcluster-shard-00-00.i5vxv.mongodb.net:27017, flightbookingcluster-shard-00-01.i5vxv.mongodb.net:27017], passives=[], arbiters=[], primary='flightbookingcluster-shard-00-02.i5vxv.mongodb.net:27017', tagSet=TagSet{[Tag{name='availabilityZone', value='aps1-az2'}, Tag{name='diskState', value='READY'}, Tag{name='nodeType', value='ELECTABLE'}, Tag{name='provider', value='AWS'}, Tag{name='region', value='AP_SOUTH_1'}, Tag{name='workloadType', value='OPERATIONAL'}]}, electionId=7fffffff0000000000000009, setVersion=1, topologyVersion=TopologyVersion{processId=65ce475f761b0f366a5ff1dd, counter=6}, lastWriteDate=Tue Feb 20 17:36:20 AST 2024, lastUpdateTimeNanos=495660289124900}
2024-02-20T17:36:21.258+03:00  INFO 6336 --- [ngodb.net:27017] org.mongodb.driver.cluster               : Monitor thread successfully connected to server with description ServerDescription{address=flightbookingcluster-shard-00-00.i5vxv.mongodb.net:27017, type=REPLICA_SET_SECONDARY, state=CONNECTED, ok=true, minWireVersion=0, maxWireVersion=17, maxDocumentSize=16777216, logicalSessionTimeoutMinutes=30, roundTripTimeNanos=594321000, setName='atlas-kcn08p-shard-0', canonicalAddress=flightbookingcluster-shard-00-00.i5vxv.mongodb.net:27017, hosts=[flightbookingcluster-shard-00-02.i5vxv.mongodb.net:27017, flightbookingcluster-shard-00-00.i5vxv.mongodb.net:27017, flightbookingcluster-shard-00-01.i5vxv.mongodb.net:27017], passives=[], arbiters=[], primary='flightbookingcluster-shard-00-02.i5vxv.mongodb.net:27017', tagSet=TagSet{[Tag{name='availabilityZone', value='aps1-az1'}, Tag{name='diskState', value='READY'}, Tag{name='nodeType', value='ELECTABLE'}, Tag{name='provider', value='AWS'}, Tag{name='region', value='AP_SOUTH_1'}, Tag{name='workloadType', value='OPERATIONAL'}]}, electionId=null, setVersion=1, topologyVersion=TopologyVersion{processId=65ce44758add2adf754caa73, counter=4}, lastWriteDate=Tue Feb 20 17:36:20 AST 2024, lastUpdateTimeNanos=495660289125000}
2024-02-20T17:36:21.258+03:00  INFO 6336 --- [ngodb.net:27017] org.mongodb.driver.cluster               : Monitor thread successfully connected to server with description ServerDescription{address=flightbookingcluster-shard-00-01.i5vxv.mongodb.net:27017, type=REPLICA_SET_SECONDARY, state=CONNECTED, ok=true, minWireVersion=0, maxWireVersion=17, maxDocumentSize=16777216, logicalSessionTimeoutMinutes=30, roundTripTimeNanos=596837000, setName='atlas-kcn08p-shard-0', canonicalAddress=flightbookingcluster-shard-00-01.i5vxv.mongodb.net:27017, hosts=[flightbookingcluster-shard-00-02.i5vxv.mongodb.net:27017, flightbookingcluster-shard-00-00.i5vxv.mongodb.net:27017, flightbookingcluster-shard-00-01.i5vxv.mongodb.net:27017], passives=[], arbiters=[], primary='flightbookingcluster-shard-00-02.i5vxv.mongodb.net:27017', tagSet=TagSet{[Tag{name='availabilityZone', value='aps1-az3'}, Tag{name='diskState', value='READY'}, Tag{name='nodeType', value='ELECTABLE'}, Tag{name='provider', value='AWS'}, Tag{name='region', value='AP_SOUTH_1'}, Tag{name='workloadType', value='OPERATIONAL'}]}, electionId=null, setVersion=1, topologyVersion=TopologyVersion{processId=65ce4988c69fd0bfea3cb6e5, counter=3}, lastWriteDate=Tue Feb 20 17:36:20 AST 2024, lastUpdateTimeNanos=495660289125000}
2024-02-20T17:36:21.258+03:00  INFO 6336 --- [ngodb.net:27017] org.mongodb.driver.cluster               : Discovered replica set primary flightbookingcluster-shard-00-02.i5vxv.mongodb.net:27017 with max election id 7fffffff0000000000000009 and max set version 1
2024-02-20T17:36:21.968+03:00  INFO 6336 --- [           main] o.s.s.web.DefaultSecurityFilterChain     : Will secure any request with [org.springframework.security.web.session.DisableEncodeUrlFilter@7f8c48f3, org.springframework.security.web.context.request.async.WebAsyncManagerIntegrationFilter@273dec10, org.springframework.security.web.context.SecurityContextHolderFilter@7d284f15, org.springframework.security.web.header.HeaderWriterFilter@18715bb, org.springframework.web.filter.CorsFilter@6cceb281, org.springframework.security.web.authentication.logout.LogoutFilter@d1c5cf2, com.excelr.bookmyflights.filter.JwtAuthFilter@7cca31fc, org.springframework.security.web.savedrequest.RequestCacheAwareFilter@2342f1ff, org.springframework.security.web.servletapi.SecurityContextHolderAwareRequestFilter@3303e89e, org.springframework.security.web.authentication.AnonymousAuthenticationFilter@619c3546, org.springframework.security.web.access.ExceptionTranslationFilter@49190ed6, org.springframework.security.web.access.intercept.FilterSecurityInterceptor@26ffd2c0]
2024-02-20T17:36:22.657+03:00  INFO 6336 --- [           main] c.e.b.BookMyFlightApplicationTests       : Started BookMyFlightApplicationTests in 6.839 seconds (process running for 8.743)
]]></system-out>
  </testcase>
</testsuite>